{"numFailedTestSuites":1,"numFailedTests":10,"numPassedTestSuites":0,"numPassedTests":2,"numPendingTestSuites":0,"numPendingTests":0,"numRuntimeErrorTestSuites":0,"numTodoTests":0,"numTotalTestSuites":1,"numTotalTests":12,"openHandles":[],"snapshot":{"added":0,"didUpdate":false,"failure":false,"filesAdded":0,"filesRemoved":0,"filesRemovedList":[],"filesUnmatched":0,"filesUpdated":0,"matched":0,"total":0,"unchecked":0,"uncheckedKeysByFile":[],"unmatched":0,"updated":0},"startTime":1656929099712,"success":false,"testResults":[{"assertionResults":[{"ancestorTitles":["Shopping Cart Actions"],"failureMessages":[],"fullName":"Shopping Cart Actions addToCart는 ADD_TO_CART 액션을 생성해야 합니다","location":null,"status":"passed","title":"addToCart는 ADD_TO_CART 액션을 생성해야 합니다"},{"ancestorTitles":["Shopping Cart Actions"],"failureMessages":["Error: expect(received).toEqual(expected) // deep equality\n\n- Expected  - 6\n+ Received  + 1\n\n- Object {\n-   \"payload\": Object {\n-     \"itemId\": 1,\n-   },\n-   \"type\": \"REMOVE_FROM_CART\",\n- }\n+ Object {}\n    at Object.<anonymous> (/Users/kay/Desktop/fe-sprint-cmarket-redux/src/actions/__test__/index.test.js:14:39)\n    at Promise.then.completed (/Users/kay/Desktop/fe-sprint-cmarket-redux/node_modules/jest-circus/build/utils.js:391:28)\n    at new Promise (<anonymous>)\n    at callAsyncCircusFn (/Users/kay/Desktop/fe-sprint-cmarket-redux/node_modules/jest-circus/build/utils.js:316:10)\n    at _callCircusTest (/Users/kay/Desktop/fe-sprint-cmarket-redux/node_modules/jest-circus/build/run.js:218:40)\n    at _runTest (/Users/kay/Desktop/fe-sprint-cmarket-redux/node_modules/jest-circus/build/run.js:155:3)\n    at _runTestsForDescribeBlock (/Users/kay/Desktop/fe-sprint-cmarket-redux/node_modules/jest-circus/build/run.js:66:9)\n    at _runTestsForDescribeBlock (/Users/kay/Desktop/fe-sprint-cmarket-redux/node_modules/jest-circus/build/run.js:60:9)\n    at run (/Users/kay/Desktop/fe-sprint-cmarket-redux/node_modules/jest-circus/build/run.js:25:3)\n    at runAndTransformResultsToJestFormat (/Users/kay/Desktop/fe-sprint-cmarket-redux/node_modules/jest-circus/build/legacy-code-todo-rewrite/jestAdapterInit.js:170:21)\n    at jestAdapter (/Users/kay/Desktop/fe-sprint-cmarket-redux/node_modules/jest-circus/build/legacy-code-todo-rewrite/jestAdapter.js:82:19)\n    at runTestInternal (/Users/kay/Desktop/fe-sprint-cmarket-redux/node_modules/jest-runner/build/runTest.js:389:16)\n    at runTest (/Users/kay/Desktop/fe-sprint-cmarket-redux/node_modules/jest-runner/build/runTest.js:475:34)\n    at TestRunner.runTests (/Users/kay/Desktop/fe-sprint-cmarket-redux/node_modules/jest-runner/build/index.js:101:12)\n    at TestScheduler.scheduleTests (/Users/kay/Desktop/fe-sprint-cmarket-redux/node_modules/@jest/core/build/TestScheduler.js:333:13)\n    at runJest (/Users/kay/Desktop/fe-sprint-cmarket-redux/node_modules/@jest/core/build/runJest.js:404:19)\n    at _run10000 (/Users/kay/Desktop/fe-sprint-cmarket-redux/node_modules/@jest/core/build/cli/index.js:320:7)\n    at runCLI (/Users/kay/Desktop/fe-sprint-cmarket-redux/node_modules/@jest/core/build/cli/index.js:173:3)\n    at Object.run (/Users/kay/Desktop/fe-sprint-cmarket-redux/node_modules/jest-cli/build/cli/index.js:155:37)"],"fullName":"Shopping Cart Actions removeFromCart는 REMOVE_FROM_CART 액션을 생성해야 합니다","location":null,"status":"failed","title":"removeFromCart는 REMOVE_FROM_CART 액션을 생성해야 합니다"},{"ancestorTitles":["Shopping Cart Actions"],"failureMessages":["Error: expect(received).toEqual(expected) // deep equality\n\n- Expected  - 7\n+ Received  + 1\n\n- Object {\n-   \"payload\": Object {\n-     \"itemId\": 3,\n-     \"quantity\": 2,\n-   },\n-   \"type\": \"SET_QUANTITY\",\n- }\n+ Object {}\n    at Object.<anonymous> (/Users/kay/Desktop/fe-sprint-cmarket-redux/src/actions/__test__/index.test.js:22:39)\n    at Promise.then.completed (/Users/kay/Desktop/fe-sprint-cmarket-redux/node_modules/jest-circus/build/utils.js:391:28)\n    at new Promise (<anonymous>)\n    at callAsyncCircusFn (/Users/kay/Desktop/fe-sprint-cmarket-redux/node_modules/jest-circus/build/utils.js:316:10)\n    at _callCircusTest (/Users/kay/Desktop/fe-sprint-cmarket-redux/node_modules/jest-circus/build/run.js:218:40)\n    at _runTest (/Users/kay/Desktop/fe-sprint-cmarket-redux/node_modules/jest-circus/build/run.js:155:3)\n    at _runTestsForDescribeBlock (/Users/kay/Desktop/fe-sprint-cmarket-redux/node_modules/jest-circus/build/run.js:66:9)\n    at _runTestsForDescribeBlock (/Users/kay/Desktop/fe-sprint-cmarket-redux/node_modules/jest-circus/build/run.js:60:9)\n    at run (/Users/kay/Desktop/fe-sprint-cmarket-redux/node_modules/jest-circus/build/run.js:25:3)\n    at runAndTransformResultsToJestFormat (/Users/kay/Desktop/fe-sprint-cmarket-redux/node_modules/jest-circus/build/legacy-code-todo-rewrite/jestAdapterInit.js:170:21)\n    at jestAdapter (/Users/kay/Desktop/fe-sprint-cmarket-redux/node_modules/jest-circus/build/legacy-code-todo-rewrite/jestAdapter.js:82:19)\n    at runTestInternal (/Users/kay/Desktop/fe-sprint-cmarket-redux/node_modules/jest-runner/build/runTest.js:389:16)\n    at runTest (/Users/kay/Desktop/fe-sprint-cmarket-redux/node_modules/jest-runner/build/runTest.js:475:34)\n    at TestRunner.runTests (/Users/kay/Desktop/fe-sprint-cmarket-redux/node_modules/jest-runner/build/index.js:101:12)\n    at TestScheduler.scheduleTests (/Users/kay/Desktop/fe-sprint-cmarket-redux/node_modules/@jest/core/build/TestScheduler.js:333:13)\n    at runJest (/Users/kay/Desktop/fe-sprint-cmarket-redux/node_modules/@jest/core/build/runJest.js:404:19)\n    at _run10000 (/Users/kay/Desktop/fe-sprint-cmarket-redux/node_modules/@jest/core/build/cli/index.js:320:7)\n    at runCLI (/Users/kay/Desktop/fe-sprint-cmarket-redux/node_modules/@jest/core/build/cli/index.js:173:3)\n    at Object.run (/Users/kay/Desktop/fe-sprint-cmarket-redux/node_modules/jest-cli/build/cli/index.js:155:37)"],"fullName":"Shopping Cart Actions setQuantity는 SET_QUANTITY 액션을 생성해야 합니다","location":null,"status":"failed","title":"setQuantity는 SET_QUANTITY 액션을 생성해야 합니다"},{"ancestorTitles":["Item Reducer"],"failureMessages":["Error: expect(received).toEqual(expected) // deep equality\n\nExpected: {\"cartItems\": [{\"itemId\": 1, \"quantity\": 1}, {\"itemId\": 5, \"quantity\": 7}, {\"itemId\": 2, \"quantity\": 3}, {\"itemId\": 4, \"quantity\": 1}], \"items\": [{\"id\": 1, \"img\": \"../images/egg.png\", \"name\": \"노른자 분리기\", \"price\": 9900}, {\"id\": 2, \"img\": \"../images/2020.jpg\", \"name\": \"2020년 달력\", \"price\": 12000}, {\"id\": 3, \"img\": \"../images/frog.jpg\", \"name\": \"개구리 안대\", \"price\": 2900}, {\"id\": 4, \"img\": \"../images/block.jpg\", \"name\": \"뜯어온 보도블럭\", \"price\": 4900}, {\"id\": 5, \"img\": \"../images/lip.jpg\", \"name\": \"칼라 립스틱\", \"price\": 2900}, {\"id\": 6, \"img\": \"../images/fish.jpg\", \"name\": \"잉어 슈즈\", \"price\": 3900}, {\"id\": 7, \"img\": \"../images/welcome.jpg\", \"name\": \"웰컴 매트\", \"price\": 6900}, {\"id\": 8, \"img\": \"../images/hat.jpg\", \"name\": \"강시 모자\", \"price\": 9900}], \"notifications\": []}\nReceived: undefined\n    at Object.<anonymous> (/Users/kay/Desktop/fe-sprint-cmarket-redux/src/reducers/__test__/index.test.js:18:7)\n    at Promise.then.completed (/Users/kay/Desktop/fe-sprint-cmarket-redux/node_modules/jest-circus/build/utils.js:391:28)\n    at new Promise (<anonymous>)\n    at callAsyncCircusFn (/Users/kay/Desktop/fe-sprint-cmarket-redux/node_modules/jest-circus/build/utils.js:316:10)\n    at _callCircusTest (/Users/kay/Desktop/fe-sprint-cmarket-redux/node_modules/jest-circus/build/run.js:218:40)\n    at _runTest (/Users/kay/Desktop/fe-sprint-cmarket-redux/node_modules/jest-circus/build/run.js:155:3)\n    at _runTestsForDescribeBlock (/Users/kay/Desktop/fe-sprint-cmarket-redux/node_modules/jest-circus/build/run.js:66:9)\n    at _runTestsForDescribeBlock (/Users/kay/Desktop/fe-sprint-cmarket-redux/node_modules/jest-circus/build/run.js:60:9)\n    at run (/Users/kay/Desktop/fe-sprint-cmarket-redux/node_modules/jest-circus/build/run.js:25:3)\n    at runAndTransformResultsToJestFormat (/Users/kay/Desktop/fe-sprint-cmarket-redux/node_modules/jest-circus/build/legacy-code-todo-rewrite/jestAdapterInit.js:170:21)\n    at jestAdapter (/Users/kay/Desktop/fe-sprint-cmarket-redux/node_modules/jest-circus/build/legacy-code-todo-rewrite/jestAdapter.js:82:19)\n    at runTestInternal (/Users/kay/Desktop/fe-sprint-cmarket-redux/node_modules/jest-runner/build/runTest.js:389:16)\n    at runTest (/Users/kay/Desktop/fe-sprint-cmarket-redux/node_modules/jest-runner/build/runTest.js:475:34)\n    at TestRunner.runTests (/Users/kay/Desktop/fe-sprint-cmarket-redux/node_modules/jest-runner/build/index.js:101:12)\n    at TestScheduler.scheduleTests (/Users/kay/Desktop/fe-sprint-cmarket-redux/node_modules/@jest/core/build/TestScheduler.js:333:13)\n    at runJest (/Users/kay/Desktop/fe-sprint-cmarket-redux/node_modules/@jest/core/build/runJest.js:404:19)\n    at _run10000 (/Users/kay/Desktop/fe-sprint-cmarket-redux/node_modules/@jest/core/build/cli/index.js:320:7)\n    at runCLI (/Users/kay/Desktop/fe-sprint-cmarket-redux/node_modules/@jest/core/build/cli/index.js:173:3)\n    at Object.run (/Users/kay/Desktop/fe-sprint-cmarket-redux/node_modules/jest-cli/build/cli/index.js:155:37)"],"fullName":"Item Reducer ADD_TO_CART 액션에 따라 cartItems 상태가 변해야 합니다","location":null,"status":"failed","title":"ADD_TO_CART 액션에 따라 cartItems 상태가 변해야 합니다"},{"ancestorTitles":["Item Reducer"],"failureMessages":["Error: expect(received).toEqual(expected) // deep equality\n\nExpected: {\"cartItems\": [{\"itemId\": 5, \"quantity\": 7}, {\"itemId\": 2, \"quantity\": 3}], \"items\": [{\"id\": 1, \"img\": \"../images/egg.png\", \"name\": \"노른자 분리기\", \"price\": 9900}, {\"id\": 2, \"img\": \"../images/2020.jpg\", \"name\": \"2020년 달력\", \"price\": 12000}, {\"id\": 3, \"img\": \"../images/frog.jpg\", \"name\": \"개구리 안대\", \"price\": 2900}, {\"id\": 4, \"img\": \"../images/block.jpg\", \"name\": \"뜯어온 보도블럭\", \"price\": 4900}, {\"id\": 5, \"img\": \"../images/lip.jpg\", \"name\": \"칼라 립스틱\", \"price\": 2900}, {\"id\": 6, \"img\": \"../images/fish.jpg\", \"name\": \"잉어 슈즈\", \"price\": 3900}, {\"id\": 7, \"img\": \"../images/welcome.jpg\", \"name\": \"웰컴 매트\", \"price\": 6900}, {\"id\": 8, \"img\": \"../images/hat.jpg\", \"name\": \"강시 모자\", \"price\": 9900}], \"notifications\": []}\nReceived: undefined\n    at Object.<anonymous> (/Users/kay/Desktop/fe-sprint-cmarket-redux/src/reducers/__test__/index.test.js:35:7)\n    at Promise.then.completed (/Users/kay/Desktop/fe-sprint-cmarket-redux/node_modules/jest-circus/build/utils.js:391:28)\n    at new Promise (<anonymous>)\n    at callAsyncCircusFn (/Users/kay/Desktop/fe-sprint-cmarket-redux/node_modules/jest-circus/build/utils.js:316:10)\n    at _callCircusTest (/Users/kay/Desktop/fe-sprint-cmarket-redux/node_modules/jest-circus/build/run.js:218:40)\n    at _runTest (/Users/kay/Desktop/fe-sprint-cmarket-redux/node_modules/jest-circus/build/run.js:155:3)\n    at _runTestsForDescribeBlock (/Users/kay/Desktop/fe-sprint-cmarket-redux/node_modules/jest-circus/build/run.js:66:9)\n    at _runTestsForDescribeBlock (/Users/kay/Desktop/fe-sprint-cmarket-redux/node_modules/jest-circus/build/run.js:60:9)\n    at run (/Users/kay/Desktop/fe-sprint-cmarket-redux/node_modules/jest-circus/build/run.js:25:3)\n    at runAndTransformResultsToJestFormat (/Users/kay/Desktop/fe-sprint-cmarket-redux/node_modules/jest-circus/build/legacy-code-todo-rewrite/jestAdapterInit.js:170:21)\n    at jestAdapter (/Users/kay/Desktop/fe-sprint-cmarket-redux/node_modules/jest-circus/build/legacy-code-todo-rewrite/jestAdapter.js:82:19)\n    at runTestInternal (/Users/kay/Desktop/fe-sprint-cmarket-redux/node_modules/jest-runner/build/runTest.js:389:16)\n    at runTest (/Users/kay/Desktop/fe-sprint-cmarket-redux/node_modules/jest-runner/build/runTest.js:475:34)\n    at TestRunner.runTests (/Users/kay/Desktop/fe-sprint-cmarket-redux/node_modules/jest-runner/build/index.js:101:12)\n    at TestScheduler.scheduleTests (/Users/kay/Desktop/fe-sprint-cmarket-redux/node_modules/@jest/core/build/TestScheduler.js:333:13)\n    at runJest (/Users/kay/Desktop/fe-sprint-cmarket-redux/node_modules/@jest/core/build/runJest.js:404:19)\n    at _run10000 (/Users/kay/Desktop/fe-sprint-cmarket-redux/node_modules/@jest/core/build/cli/index.js:320:7)\n    at runCLI (/Users/kay/Desktop/fe-sprint-cmarket-redux/node_modules/@jest/core/build/cli/index.js:173:3)\n    at Object.run (/Users/kay/Desktop/fe-sprint-cmarket-redux/node_modules/jest-cli/build/cli/index.js:155:37)"],"fullName":"Item Reducer REMOVE_FROM_CART 액션에 따라 cartItems 상태가 변해야 합니다","location":null,"status":"failed","title":"REMOVE_FROM_CART 액션에 따라 cartItems 상태가 변해야 합니다"},{"ancestorTitles":["Item Reducer"],"failureMessages":["Error: expect(received).toEqual(expected) // deep equality\n\nExpected: {\"cartItems\": [{\"itemId\": 1, \"quantity\": 8}, {\"itemId\": 5, \"quantity\": 7}, {\"itemId\": 2, \"quantity\": 3}], \"items\": [{\"id\": 1, \"img\": \"../images/egg.png\", \"name\": \"노른자 분리기\", \"price\": 9900}, {\"id\": 2, \"img\": \"../images/2020.jpg\", \"name\": \"2020년 달력\", \"price\": 12000}, {\"id\": 3, \"img\": \"../images/frog.jpg\", \"name\": \"개구리 안대\", \"price\": 2900}, {\"id\": 4, \"img\": \"../images/block.jpg\", \"name\": \"뜯어온 보도블럭\", \"price\": 4900}, {\"id\": 5, \"img\": \"../images/lip.jpg\", \"name\": \"칼라 립스틱\", \"price\": 2900}, {\"id\": 6, \"img\": \"../images/fish.jpg\", \"name\": \"잉어 슈즈\", \"price\": 3900}, {\"id\": 7, \"img\": \"../images/welcome.jpg\", \"name\": \"웰컴 매트\", \"price\": 6900}, {\"id\": 8, \"img\": \"../images/hat.jpg\", \"name\": \"강시 모자\", \"price\": 9900}], \"notifications\": []}\nReceived: undefined\n    at Object.<anonymous> (/Users/kay/Desktop/fe-sprint-cmarket-redux/src/reducers/__test__/index.test.js:61:7)\n    at Promise.then.completed (/Users/kay/Desktop/fe-sprint-cmarket-redux/node_modules/jest-circus/build/utils.js:391:28)\n    at new Promise (<anonymous>)\n    at callAsyncCircusFn (/Users/kay/Desktop/fe-sprint-cmarket-redux/node_modules/jest-circus/build/utils.js:316:10)\n    at _callCircusTest (/Users/kay/Desktop/fe-sprint-cmarket-redux/node_modules/jest-circus/build/run.js:218:40)\n    at _runTest (/Users/kay/Desktop/fe-sprint-cmarket-redux/node_modules/jest-circus/build/run.js:155:3)\n    at _runTestsForDescribeBlock (/Users/kay/Desktop/fe-sprint-cmarket-redux/node_modules/jest-circus/build/run.js:66:9)\n    at _runTestsForDescribeBlock (/Users/kay/Desktop/fe-sprint-cmarket-redux/node_modules/jest-circus/build/run.js:60:9)\n    at run (/Users/kay/Desktop/fe-sprint-cmarket-redux/node_modules/jest-circus/build/run.js:25:3)\n    at runAndTransformResultsToJestFormat (/Users/kay/Desktop/fe-sprint-cmarket-redux/node_modules/jest-circus/build/legacy-code-todo-rewrite/jestAdapterInit.js:170:21)\n    at jestAdapter (/Users/kay/Desktop/fe-sprint-cmarket-redux/node_modules/jest-circus/build/legacy-code-todo-rewrite/jestAdapter.js:82:19)\n    at runTestInternal (/Users/kay/Desktop/fe-sprint-cmarket-redux/node_modules/jest-runner/build/runTest.js:389:16)\n    at runTest (/Users/kay/Desktop/fe-sprint-cmarket-redux/node_modules/jest-runner/build/runTest.js:475:34)\n    at TestRunner.runTests (/Users/kay/Desktop/fe-sprint-cmarket-redux/node_modules/jest-runner/build/index.js:101:12)\n    at TestScheduler.scheduleTests (/Users/kay/Desktop/fe-sprint-cmarket-redux/node_modules/@jest/core/build/TestScheduler.js:333:13)\n    at runJest (/Users/kay/Desktop/fe-sprint-cmarket-redux/node_modules/@jest/core/build/runJest.js:404:19)\n    at _run10000 (/Users/kay/Desktop/fe-sprint-cmarket-redux/node_modules/@jest/core/build/cli/index.js:320:7)\n    at runCLI (/Users/kay/Desktop/fe-sprint-cmarket-redux/node_modules/@jest/core/build/cli/index.js:173:3)\n    at Object.run (/Users/kay/Desktop/fe-sprint-cmarket-redux/node_modules/jest-cli/build/cli/index.js:155:37)"],"fullName":"Item Reducer SET_QUANTITY 액션에 따라 cartItems 상태가 변해야 합니다","location":null,"status":"failed","title":"SET_QUANTITY 액션에 따라 cartItems 상태가 변해야 합니다"},{"ancestorTitles":["Item Reducer"],"failureMessages":["Error: expect(received).toEqual(expected) // deep equality\n\nExpected: {\"cartItems\": [{\"itemId\": 6, \"quantity\": 1}], \"mustkeep\": \"other states\"}\nReceived: undefined\n    at Object.<anonymous> (/Users/kay/Desktop/fe-sprint-cmarket-redux/src/reducers/__test__/index.test.js:92:7)\n    at Promise.then.completed (/Users/kay/Desktop/fe-sprint-cmarket-redux/node_modules/jest-circus/build/utils.js:391:28)\n    at new Promise (<anonymous>)\n    at callAsyncCircusFn (/Users/kay/Desktop/fe-sprint-cmarket-redux/node_modules/jest-circus/build/utils.js:316:10)\n    at _callCircusTest (/Users/kay/Desktop/fe-sprint-cmarket-redux/node_modules/jest-circus/build/run.js:218:40)\n    at _runTest (/Users/kay/Desktop/fe-sprint-cmarket-redux/node_modules/jest-circus/build/run.js:155:3)\n    at _runTestsForDescribeBlock (/Users/kay/Desktop/fe-sprint-cmarket-redux/node_modules/jest-circus/build/run.js:66:9)\n    at _runTestsForDescribeBlock (/Users/kay/Desktop/fe-sprint-cmarket-redux/node_modules/jest-circus/build/run.js:60:9)\n    at run (/Users/kay/Desktop/fe-sprint-cmarket-redux/node_modules/jest-circus/build/run.js:25:3)\n    at runAndTransformResultsToJestFormat (/Users/kay/Desktop/fe-sprint-cmarket-redux/node_modules/jest-circus/build/legacy-code-todo-rewrite/jestAdapterInit.js:170:21)\n    at jestAdapter (/Users/kay/Desktop/fe-sprint-cmarket-redux/node_modules/jest-circus/build/legacy-code-todo-rewrite/jestAdapter.js:82:19)\n    at runTestInternal (/Users/kay/Desktop/fe-sprint-cmarket-redux/node_modules/jest-runner/build/runTest.js:389:16)\n    at runTest (/Users/kay/Desktop/fe-sprint-cmarket-redux/node_modules/jest-runner/build/runTest.js:475:34)\n    at TestRunner.runTests (/Users/kay/Desktop/fe-sprint-cmarket-redux/node_modules/jest-runner/build/index.js:101:12)\n    at TestScheduler.scheduleTests (/Users/kay/Desktop/fe-sprint-cmarket-redux/node_modules/@jest/core/build/TestScheduler.js:333:13)\n    at runJest (/Users/kay/Desktop/fe-sprint-cmarket-redux/node_modules/@jest/core/build/runJest.js:404:19)\n    at _run10000 (/Users/kay/Desktop/fe-sprint-cmarket-redux/node_modules/@jest/core/build/cli/index.js:320:7)\n    at runCLI (/Users/kay/Desktop/fe-sprint-cmarket-redux/node_modules/@jest/core/build/cli/index.js:173:3)\n    at Object.run (/Users/kay/Desktop/fe-sprint-cmarket-redux/node_modules/jest-cli/build/cli/index.js:155:37)"],"fullName":"Item Reducer 리듀서는 다른 상태의 값을 보존해야 합니다","location":null,"status":"failed","title":"리듀서는 다른 상태의 값을 보존해야 합니다"},{"ancestorTitles":["Shopping Pages"],"failureMessages":[],"fullName":"Shopping Pages ShoppingCart에 cartItems가 렌더되어야합니다.","location":null,"status":"passed","title":"ShoppingCart에 cartItems가 렌더되어야합니다."},{"ancestorTitles":["Shopping Pages"],"failureMessages":["Error: expect(received).toBeInTheDocument()\n\nreceived value must be an HTMLElement or an SVGElement.\nReceived has value: null\n    at __EXTERNAL_MATCHER_TRAP__ (/Users/kay/Desktop/fe-sprint-cmarket-redux/node_modules/expect/build/index.js:386:30)\n    at Object.toBeInTheDocument (/Users/kay/Desktop/fe-sprint-cmarket-redux/node_modules/expect/build/index.js:387:15)\n    at Object.<anonymous> (/Users/kay/Desktop/fe-sprint-cmarket-redux/src/pages/__test__/index.test.js:38:48)\n    at Promise.then.completed (/Users/kay/Desktop/fe-sprint-cmarket-redux/node_modules/jest-circus/build/utils.js:391:28)\n    at new Promise (<anonymous>)\n    at callAsyncCircusFn (/Users/kay/Desktop/fe-sprint-cmarket-redux/node_modules/jest-circus/build/utils.js:316:10)\n    at _callCircusTest (/Users/kay/Desktop/fe-sprint-cmarket-redux/node_modules/jest-circus/build/run.js:218:40)\n    at _runTest (/Users/kay/Desktop/fe-sprint-cmarket-redux/node_modules/jest-circus/build/run.js:155:3)\n    at _runTestsForDescribeBlock (/Users/kay/Desktop/fe-sprint-cmarket-redux/node_modules/jest-circus/build/run.js:66:9)\n    at _runTestsForDescribeBlock (/Users/kay/Desktop/fe-sprint-cmarket-redux/node_modules/jest-circus/build/run.js:60:9)\n    at run (/Users/kay/Desktop/fe-sprint-cmarket-redux/node_modules/jest-circus/build/run.js:25:3)\n    at runAndTransformResultsToJestFormat (/Users/kay/Desktop/fe-sprint-cmarket-redux/node_modules/jest-circus/build/legacy-code-todo-rewrite/jestAdapterInit.js:170:21)\n    at jestAdapter (/Users/kay/Desktop/fe-sprint-cmarket-redux/node_modules/jest-circus/build/legacy-code-todo-rewrite/jestAdapter.js:82:19)\n    at runTestInternal (/Users/kay/Desktop/fe-sprint-cmarket-redux/node_modules/jest-runner/build/runTest.js:389:16)\n    at runTest (/Users/kay/Desktop/fe-sprint-cmarket-redux/node_modules/jest-runner/build/runTest.js:475:34)\n    at TestRunner.runTests (/Users/kay/Desktop/fe-sprint-cmarket-redux/node_modules/jest-runner/build/index.js:101:12)\n    at TestScheduler.scheduleTests (/Users/kay/Desktop/fe-sprint-cmarket-redux/node_modules/@jest/core/build/TestScheduler.js:333:13)\n    at runJest (/Users/kay/Desktop/fe-sprint-cmarket-redux/node_modules/@jest/core/build/runJest.js:404:19)\n    at _run10000 (/Users/kay/Desktop/fe-sprint-cmarket-redux/node_modules/@jest/core/build/cli/index.js:320:7)\n    at runCLI (/Users/kay/Desktop/fe-sprint-cmarket-redux/node_modules/@jest/core/build/cli/index.js:173:3)\n    at Object.run (/Users/kay/Desktop/fe-sprint-cmarket-redux/node_modules/jest-cli/build/cli/index.js:155:37)"],"fullName":"Shopping Pages ADD_TO_CART 액션에 따라 ShoppingCart가 렌더되어야 합니다.","location":null,"status":"failed","title":"ADD_TO_CART 액션에 따라 ShoppingCart가 렌더되어야 합니다."},{"ancestorTitles":["Shopping Pages"],"failureMessages":["Error: expect(element).not.toBeInTheDocument()\n\nexpected document not to contain element, found <div class=\"cart-item-title\" data-testid=\"cart-노른자 분리기\">노른자 분리기</div> instead\n    at Object.<anonymous> (/Users/kay/Desktop/fe-sprint-cmarket-redux/src/pages/__test__/index.test.js:50:34)\n    at Promise.then.completed (/Users/kay/Desktop/fe-sprint-cmarket-redux/node_modules/jest-circus/build/utils.js:391:28)\n    at new Promise (<anonymous>)\n    at callAsyncCircusFn (/Users/kay/Desktop/fe-sprint-cmarket-redux/node_modules/jest-circus/build/utils.js:316:10)\n    at _callCircusTest (/Users/kay/Desktop/fe-sprint-cmarket-redux/node_modules/jest-circus/build/run.js:218:40)\n    at _runTest (/Users/kay/Desktop/fe-sprint-cmarket-redux/node_modules/jest-circus/build/run.js:155:3)\n    at _runTestsForDescribeBlock (/Users/kay/Desktop/fe-sprint-cmarket-redux/node_modules/jest-circus/build/run.js:66:9)\n    at _runTestsForDescribeBlock (/Users/kay/Desktop/fe-sprint-cmarket-redux/node_modules/jest-circus/build/run.js:60:9)\n    at run (/Users/kay/Desktop/fe-sprint-cmarket-redux/node_modules/jest-circus/build/run.js:25:3)\n    at runAndTransformResultsToJestFormat (/Users/kay/Desktop/fe-sprint-cmarket-redux/node_modules/jest-circus/build/legacy-code-todo-rewrite/jestAdapterInit.js:170:21)\n    at jestAdapter (/Users/kay/Desktop/fe-sprint-cmarket-redux/node_modules/jest-circus/build/legacy-code-todo-rewrite/jestAdapter.js:82:19)\n    at runTestInternal (/Users/kay/Desktop/fe-sprint-cmarket-redux/node_modules/jest-runner/build/runTest.js:389:16)\n    at runTest (/Users/kay/Desktop/fe-sprint-cmarket-redux/node_modules/jest-runner/build/runTest.js:475:34)\n    at TestRunner.runTests (/Users/kay/Desktop/fe-sprint-cmarket-redux/node_modules/jest-runner/build/index.js:101:12)\n    at TestScheduler.scheduleTests (/Users/kay/Desktop/fe-sprint-cmarket-redux/node_modules/@jest/core/build/TestScheduler.js:333:13)\n    at runJest (/Users/kay/Desktop/fe-sprint-cmarket-redux/node_modules/@jest/core/build/runJest.js:404:19)\n    at _run10000 (/Users/kay/Desktop/fe-sprint-cmarket-redux/node_modules/@jest/core/build/cli/index.js:320:7)\n    at runCLI (/Users/kay/Desktop/fe-sprint-cmarket-redux/node_modules/@jest/core/build/cli/index.js:173:3)\n    at Object.run (/Users/kay/Desktop/fe-sprint-cmarket-redux/node_modules/jest-cli/build/cli/index.js:155:37)"],"fullName":"Shopping Pages REMOVE_FROM_CART 액션에 따라 ShoppingCart가 렌더되어야 합니다.","location":null,"status":"failed","title":"REMOVE_FROM_CART 액션에 따라 ShoppingCart가 렌더되어야 합니다."},{"ancestorTitles":["Shopping Pages"],"failureMessages":["TypeError: Cannot read properties of null (reading 'textContent')\n    at Object.<anonymous> (/Users/kay/Desktop/fe-sprint-cmarket-redux/src/pages/__test__/index.test.js:62:23)\n    at Promise.then.completed (/Users/kay/Desktop/fe-sprint-cmarket-redux/node_modules/jest-circus/build/utils.js:391:28)\n    at new Promise (<anonymous>)\n    at callAsyncCircusFn (/Users/kay/Desktop/fe-sprint-cmarket-redux/node_modules/jest-circus/build/utils.js:316:10)\n    at _callCircusTest (/Users/kay/Desktop/fe-sprint-cmarket-redux/node_modules/jest-circus/build/run.js:218:40)\n    at _runTest (/Users/kay/Desktop/fe-sprint-cmarket-redux/node_modules/jest-circus/build/run.js:155:3)\n    at _runTestsForDescribeBlock (/Users/kay/Desktop/fe-sprint-cmarket-redux/node_modules/jest-circus/build/run.js:66:9)\n    at _runTestsForDescribeBlock (/Users/kay/Desktop/fe-sprint-cmarket-redux/node_modules/jest-circus/build/run.js:60:9)\n    at run (/Users/kay/Desktop/fe-sprint-cmarket-redux/node_modules/jest-circus/build/run.js:25:3)\n    at runAndTransformResultsToJestFormat (/Users/kay/Desktop/fe-sprint-cmarket-redux/node_modules/jest-circus/build/legacy-code-todo-rewrite/jestAdapterInit.js:170:21)\n    at jestAdapter (/Users/kay/Desktop/fe-sprint-cmarket-redux/node_modules/jest-circus/build/legacy-code-todo-rewrite/jestAdapter.js:82:19)\n    at runTestInternal (/Users/kay/Desktop/fe-sprint-cmarket-redux/node_modules/jest-runner/build/runTest.js:389:16)\n    at runTest (/Users/kay/Desktop/fe-sprint-cmarket-redux/node_modules/jest-runner/build/runTest.js:475:34)\n    at TestRunner.runTests (/Users/kay/Desktop/fe-sprint-cmarket-redux/node_modules/jest-runner/build/index.js:101:12)\n    at TestScheduler.scheduleTests (/Users/kay/Desktop/fe-sprint-cmarket-redux/node_modules/@jest/core/build/TestScheduler.js:333:13)\n    at runJest (/Users/kay/Desktop/fe-sprint-cmarket-redux/node_modules/@jest/core/build/runJest.js:404:19)\n    at _run10000 (/Users/kay/Desktop/fe-sprint-cmarket-redux/node_modules/@jest/core/build/cli/index.js:320:7)\n    at runCLI (/Users/kay/Desktop/fe-sprint-cmarket-redux/node_modules/@jest/core/build/cli/index.js:173:3)\n    at Object.run (/Users/kay/Desktop/fe-sprint-cmarket-redux/node_modules/jest-cli/build/cli/index.js:155:37)"],"fullName":"Shopping Pages SET_QUANTITY 액션에 따라 OrderSummary가 렌더되어야 합니다.","location":null,"status":"failed","title":"SET_QUANTITY 액션에 따라 OrderSummary가 렌더되어야 합니다."},{"ancestorTitles":["Shopping Pages"],"failureMessages":["TypeError: Cannot read properties of null (reading 'textContent')\n    at Object.<anonymous> (/Users/kay/Desktop/fe-sprint-cmarket-redux/src/pages/__test__/index.test.js:74:23)\n    at Promise.then.completed (/Users/kay/Desktop/fe-sprint-cmarket-redux/node_modules/jest-circus/build/utils.js:391:28)\n    at new Promise (<anonymous>)\n    at callAsyncCircusFn (/Users/kay/Desktop/fe-sprint-cmarket-redux/node_modules/jest-circus/build/utils.js:316:10)\n    at _callCircusTest (/Users/kay/Desktop/fe-sprint-cmarket-redux/node_modules/jest-circus/build/run.js:218:40)\n    at _runTest (/Users/kay/Desktop/fe-sprint-cmarket-redux/node_modules/jest-circus/build/run.js:155:3)\n    at _runTestsForDescribeBlock (/Users/kay/Desktop/fe-sprint-cmarket-redux/node_modules/jest-circus/build/run.js:66:9)\n    at _runTestsForDescribeBlock (/Users/kay/Desktop/fe-sprint-cmarket-redux/node_modules/jest-circus/build/run.js:60:9)\n    at run (/Users/kay/Desktop/fe-sprint-cmarket-redux/node_modules/jest-circus/build/run.js:25:3)\n    at runAndTransformResultsToJestFormat (/Users/kay/Desktop/fe-sprint-cmarket-redux/node_modules/jest-circus/build/legacy-code-todo-rewrite/jestAdapterInit.js:170:21)\n    at jestAdapter (/Users/kay/Desktop/fe-sprint-cmarket-redux/node_modules/jest-circus/build/legacy-code-todo-rewrite/jestAdapter.js:82:19)\n    at runTestInternal (/Users/kay/Desktop/fe-sprint-cmarket-redux/node_modules/jest-runner/build/runTest.js:389:16)\n    at runTest (/Users/kay/Desktop/fe-sprint-cmarket-redux/node_modules/jest-runner/build/runTest.js:475:34)\n    at TestRunner.runTests (/Users/kay/Desktop/fe-sprint-cmarket-redux/node_modules/jest-runner/build/index.js:101:12)\n    at TestScheduler.scheduleTests (/Users/kay/Desktop/fe-sprint-cmarket-redux/node_modules/@jest/core/build/TestScheduler.js:333:13)\n    at runJest (/Users/kay/Desktop/fe-sprint-cmarket-redux/node_modules/@jest/core/build/runJest.js:404:19)\n    at _run10000 (/Users/kay/Desktop/fe-sprint-cmarket-redux/node_modules/@jest/core/build/cli/index.js:320:7)\n    at runCLI (/Users/kay/Desktop/fe-sprint-cmarket-redux/node_modules/@jest/core/build/cli/index.js:173:3)\n    at Object.run (/Users/kay/Desktop/fe-sprint-cmarket-redux/node_modules/jest-cli/build/cli/index.js:155:37)"],"fullName":"Shopping Pages Checkbox의 상태에 따라 OrderSummary가 렌더되어야 합니다.","location":null,"status":"failed","title":"Checkbox의 상태에 따라 OrderSummary가 렌더되어야 합니다."}],"endTime":1656929100541,"message":"  ● Shopping Cart Actions › removeFromCart는 REMOVE_FROM_CART 액션을 생성해야 합니다\n\n    expect(received).toEqual(expected) // deep equality\n\n    - Expected  - 6\n    + Received  + 1\n\n    - Object {\n    -   \"payload\": Object {\n    -     \"itemId\": 1,\n    -   },\n    -   \"type\": \"REMOVE_FROM_CART\",\n    - }\n    + Object {}\n\n      12 |   });\n      13 |   it(\"removeFromCart는 REMOVE_FROM_CART 액션을 생성해야 합니다\", () => {\n    > 14 |     expect(actions.removeFromCart(1)).toEqual({\n         |                                       ^\n      15 |       type: \"REMOVE_FROM_CART\",\n      16 |       payload: {\n      17 |         itemId: 1\n\n      at Object.<anonymous> (src/actions/__test__/index.test.js:14:39)\n      at TestScheduler.scheduleTests (node_modules/@jest/core/build/TestScheduler.js:333:13)\n      at runJest (node_modules/@jest/core/build/runJest.js:404:19)\n      at _run10000 (node_modules/@jest/core/build/cli/index.js:320:7)\n      at runCLI (node_modules/@jest/core/build/cli/index.js:173:3)\n\n  ● Shopping Cart Actions › setQuantity는 SET_QUANTITY 액션을 생성해야 합니다\n\n    expect(received).toEqual(expected) // deep equality\n\n    - Expected  - 7\n    + Received  + 1\n\n    - Object {\n    -   \"payload\": Object {\n    -     \"itemId\": 3,\n    -     \"quantity\": 2,\n    -   },\n    -   \"type\": \"SET_QUANTITY\",\n    - }\n    + Object {}\n\n      20 |   });\n      21 |   it(\"setQuantity는 SET_QUANTITY 액션을 생성해야 합니다\", () => {\n    > 22 |     expect(actions.setQuantity(3, 2)).toEqual({\n         |                                       ^\n      23 |       type: \"SET_QUANTITY\",\n      24 |       payload: {\n      25 |         itemId: 3,\n\n      at Object.<anonymous> (src/actions/__test__/index.test.js:22:39)\n      at TestScheduler.scheduleTests (node_modules/@jest/core/build/TestScheduler.js:333:13)\n      at runJest (node_modules/@jest/core/build/runJest.js:404:19)\n      at _run10000 (node_modules/@jest/core/build/cli/index.js:320:7)\n      at runCLI (node_modules/@jest/core/build/cli/index.js:173:3)\n\n  ● Item Reducer › ADD_TO_CART 액션에 따라 cartItems 상태가 변해야 합니다\n\n    expect(received).toEqual(expected) // deep equality\n\n    Expected: {\"cartItems\": [{\"itemId\": 1, \"quantity\": 1}, {\"itemId\": 5, \"quantity\": 7}, {\"itemId\": 2, \"quantity\": 3}, {\"itemId\": 4, \"quantity\": 1}], \"items\": [{\"id\": 1, \"img\": \"../images/egg.png\", \"name\": \"노른자 분리기\", \"price\": 9900}, {\"id\": 2, \"img\": \"../images/2020.jpg\", \"name\": \"2020년 달력\", \"price\": 12000}, {\"id\": 3, \"img\": \"../images/frog.jpg\", \"name\": \"개구리 안대\", \"price\": 2900}, {\"id\": 4, \"img\": \"../images/block.jpg\", \"name\": \"뜯어온 보도블럭\", \"price\": 4900}, {\"id\": 5, \"img\": \"../images/lip.jpg\", \"name\": \"칼라 립스틱\", \"price\": 2900}, {\"id\": 6, \"img\": \"../images/fish.jpg\", \"name\": \"잉어 슈즈\", \"price\": 3900}, {\"id\": 7, \"img\": \"../images/welcome.jpg\", \"name\": \"웰컴 매트\", \"price\": 6900}, {\"id\": 8, \"img\": \"../images/hat.jpg\", \"name\": \"강시 모자\", \"price\": 9900}], \"notifications\": []}\n    Received: undefined\n\n      16 |         }\n      17 |       )\n    > 18 |     ).toEqual({\n         |       ^\n      19 |       items: initialState.items,\n      20 |       cartItems: [...initialState.cartItems, { itemId: 4, quantity: 1 }],\n      21 |       notifications: []\n\n      at Object.<anonymous> (src/reducers/__test__/index.test.js:18:7)\n      at TestScheduler.scheduleTests (node_modules/@jest/core/build/TestScheduler.js:333:13)\n      at runJest (node_modules/@jest/core/build/runJest.js:404:19)\n      at _run10000 (node_modules/@jest/core/build/cli/index.js:320:7)\n      at runCLI (node_modules/@jest/core/build/cli/index.js:173:3)\n\n  ● Item Reducer › REMOVE_FROM_CART 액션에 따라 cartItems 상태가 변해야 합니다\n\n    expect(received).toEqual(expected) // deep equality\n\n    Expected: {\"cartItems\": [{\"itemId\": 5, \"quantity\": 7}, {\"itemId\": 2, \"quantity\": 3}], \"items\": [{\"id\": 1, \"img\": \"../images/egg.png\", \"name\": \"노른자 분리기\", \"price\": 9900}, {\"id\": 2, \"img\": \"../images/2020.jpg\", \"name\": \"2020년 달력\", \"price\": 12000}, {\"id\": 3, \"img\": \"../images/frog.jpg\", \"name\": \"개구리 안대\", \"price\": 2900}, {\"id\": 4, \"img\": \"../images/block.jpg\", \"name\": \"뜯어온 보도블럭\", \"price\": 4900}, {\"id\": 5, \"img\": \"../images/lip.jpg\", \"name\": \"칼라 립스틱\", \"price\": 2900}, {\"id\": 6, \"img\": \"../images/fish.jpg\", \"name\": \"잉어 슈즈\", \"price\": 3900}, {\"id\": 7, \"img\": \"../images/welcome.jpg\", \"name\": \"웰컴 매트\", \"price\": 6900}, {\"id\": 8, \"img\": \"../images/hat.jpg\", \"name\": \"강시 모자\", \"price\": 9900}], \"notifications\": []}\n    Received: undefined\n\n      33 |         }\n      34 |       )\n    > 35 |     ).toEqual({\n         |       ^\n      36 |       items: initialState.items,\n      37 |       cartItems: [\n      38 |         {\n\n      at Object.<anonymous> (src/reducers/__test__/index.test.js:35:7)\n      at TestScheduler.scheduleTests (node_modules/@jest/core/build/TestScheduler.js:333:13)\n      at runJest (node_modules/@jest/core/build/runJest.js:404:19)\n      at _run10000 (node_modules/@jest/core/build/cli/index.js:320:7)\n      at runCLI (node_modules/@jest/core/build/cli/index.js:173:3)\n\n  ● Item Reducer › SET_QUANTITY 액션에 따라 cartItems 상태가 변해야 합니다\n\n    expect(received).toEqual(expected) // deep equality\n\n    Expected: {\"cartItems\": [{\"itemId\": 1, \"quantity\": 8}, {\"itemId\": 5, \"quantity\": 7}, {\"itemId\": 2, \"quantity\": 3}], \"items\": [{\"id\": 1, \"img\": \"../images/egg.png\", \"name\": \"노른자 분리기\", \"price\": 9900}, {\"id\": 2, \"img\": \"../images/2020.jpg\", \"name\": \"2020년 달력\", \"price\": 12000}, {\"id\": 3, \"img\": \"../images/frog.jpg\", \"name\": \"개구리 안대\", \"price\": 2900}, {\"id\": 4, \"img\": \"../images/block.jpg\", \"name\": \"뜯어온 보도블럭\", \"price\": 4900}, {\"id\": 5, \"img\": \"../images/lip.jpg\", \"name\": \"칼라 립스틱\", \"price\": 2900}, {\"id\": 6, \"img\": \"../images/fish.jpg\", \"name\": \"잉어 슈즈\", \"price\": 3900}, {\"id\": 7, \"img\": \"../images/welcome.jpg\", \"name\": \"웰컴 매트\", \"price\": 6900}, {\"id\": 8, \"img\": \"../images/hat.jpg\", \"name\": \"강시 모자\", \"price\": 9900}], \"notifications\": []}\n    Received: undefined\n\n      59 |         }\n      60 |       )\n    > 61 |     ).toEqual({\n         |       ^\n      62 |       items: initialState.items,\n      63 |       cartItems: [{\n      64 |         \"itemId\": 1,\n\n      at Object.<anonymous> (src/reducers/__test__/index.test.js:61:7)\n      at TestScheduler.scheduleTests (node_modules/@jest/core/build/TestScheduler.js:333:13)\n      at runJest (node_modules/@jest/core/build/runJest.js:404:19)\n      at _run10000 (node_modules/@jest/core/build/cli/index.js:320:7)\n      at runCLI (node_modules/@jest/core/build/cli/index.js:173:3)\n\n  ● Item Reducer › 리듀서는 다른 상태의 값을 보존해야 합니다\n\n    expect(received).toEqual(expected) // deep equality\n\n    Expected: {\"cartItems\": [{\"itemId\": 6, \"quantity\": 1}], \"mustkeep\": \"other states\"}\n    Received: undefined\n\n      90 |         }\n      91 |       )\n    > 92 |     ).toEqual({\n         |       ^\n      93 |       mustkeep: \"other states\",\n      94 |       cartItems: [{ itemId: 6, quantity: 1 }],\n      95 |     });\n\n      at Object.<anonymous> (src/reducers/__test__/index.test.js:92:7)\n      at TestScheduler.scheduleTests (node_modules/@jest/core/build/TestScheduler.js:333:13)\n      at runJest (node_modules/@jest/core/build/runJest.js:404:19)\n      at _run10000 (node_modules/@jest/core/build/cli/index.js:320:7)\n      at runCLI (node_modules/@jest/core/build/cli/index.js:173:3)\n\n  ● Shopping Pages › ADD_TO_CART 액션에 따라 ShoppingCart가 렌더되어야 합니다.\n\n    expect(received).toBeInTheDocument()\n\n    received value must be an HTMLElement or an SVGElement.\n    Received has value: null\n\n      36 |     fireEvent.click(frog)\n      37 |\n    > 38 |     expect(utils.queryByTestId(\"cart-개구리 안대\")).toBeInTheDocument()\n         |                                                ^\n      39 |     expect(spyDispatch).toHaveBeenCalled()\n      40 |   })\n      41 |\n\n      at __EXTERNAL_MATCHER_TRAP__ (node_modules/expect/build/index.js:386:30)\n      at Object.toBeInTheDocument (node_modules/expect/build/index.js:387:15)\n      at Object.<anonymous> (src/pages/__test__/index.test.js:38:48)\n      at TestScheduler.scheduleTests (node_modules/@jest/core/build/TestScheduler.js:333:13)\n      at runJest (node_modules/@jest/core/build/runJest.js:404:19)\n      at _run10000 (node_modules/@jest/core/build/cli/index.js:320:7)\n      at runCLI (node_modules/@jest/core/build/cli/index.js:173:3)\n\n  ● Shopping Pages › REMOVE_FROM_CART 액션에 따라 ShoppingCart가 렌더되어야 합니다.\n\n    expect(element).not.toBeInTheDocument()\n\n    expected document not to contain element, found <div class=\"cart-item-title\" data-testid=\"cart-노른자 분리기\">노른자 분리기</div> instead\n\n      48 |     const cartItemElement2 = utils.queryByTestId(\"cart-개구리 안대\")\n      49 |\n    > 50 |     expect(cartItemElement1).not.toBeInTheDocument()\n         |                                  ^\n      51 |     expect(cartItemElement2).toBeInTheDocument()\n      52 |     expect(spyDispatch).toHaveBeenCalled()\n      53 |   })\n\n      at Object.<anonymous> (src/pages/__test__/index.test.js:50:34)\n      at TestScheduler.scheduleTests (node_modules/@jest/core/build/TestScheduler.js:333:13)\n      at runJest (node_modules/@jest/core/build/runJest.js:404:19)\n      at _run10000 (node_modules/@jest/core/build/cli/index.js:320:7)\n      at runCLI (node_modules/@jest/core/build/cli/index.js:173:3)\n\n  ● Shopping Pages › SET_QUANTITY 액션에 따라 OrderSummary가 렌더되어야 합니다.\n\n    TypeError: Cannot read properties of null (reading 'textContent')\n\n      60 |     fireEvent.change(target, { target: { value: 23 } })\n      61 |\n    > 62 |     expect(totalPrice.textContent).toBe(\"105600 원\")\n         |                       ^\n      63 |     expect(totalQtY.textContent).toBe(\"27 개\")\n      64 |     expect(spyDispatch).toHaveBeenCalled()\n      65 |   })\n\n      at Object.<anonymous> (src/pages/__test__/index.test.js:62:23)\n      at TestScheduler.scheduleTests (node_modules/@jest/core/build/TestScheduler.js:333:13)\n      at runJest (node_modules/@jest/core/build/runJest.js:404:19)\n      at _run10000 (node_modules/@jest/core/build/cli/index.js:320:7)\n      at runCLI (node_modules/@jest/core/build/cli/index.js:173:3)\n\n  ● Shopping Pages › Checkbox의 상태에 따라 OrderSummary가 렌더되어야 합니다.\n\n    TypeError: Cannot read properties of null (reading 'textContent')\n\n      72 |     fireEvent.click(target)\n      73 |\n    > 74 |     expect(totalPrice.textContent).toBe(\"69600 원\")\n         |                       ^\n      75 |     expect(totalQtY.textContent).toBe(\"24 개\")\n      76 |   })\n      77 | });\n\n      at Object.<anonymous> (src/pages/__test__/index.test.js:74:23)\n      at TestScheduler.scheduleTests (node_modules/@jest/core/build/TestScheduler.js:333:13)\n      at runJest (node_modules/@jest/core/build/runJest.js:404:19)\n      at _run10000 (node_modules/@jest/core/build/cli/index.js:320:7)\n      at runCLI (node_modules/@jest/core/build/cli/index.js:173:3)\n","name":"/Users/kay/Desktop/fe-sprint-cmarket-redux/src/index.test.js","startTime":1656929099996,"status":"failed","summary":""}],"wasInterrupted":false}